<?xml version="1.0" encoding="UTF-8"?>
<!-- Generated by org.testng.reporters.JUnitXMLReporter -->
<testsuite ignored="4" hostname="LAPTOP-HQ4UE347" failures="0" tests="5" name="Test" time="56.25" errors="0" timestamp="2024-02-06T23:06:25 IST">
  <testcase classname="com.TestCases.RegisterTestCases" name="verifyInValidRegisteration" time="0.88"/>
  <testcase classname="com.TestCases.RegisterTestCases" name="verifyValidRegisteration" time="6.745"/>
  <testcase classname="com.TestCases.LoginTestCases" name="verifyInValidLogin" time="1.3"/>
  <testcase classname="com.TestCases.LoginTestCases" name="verifyValidLogin" time="1.99"/>
  <testcase classname="com.TestCases.ProductCartTestCases" name="verifyproductprice" time="15.541"/>
  <testcase classname="com.Resources.baseclass" name="@BeforeSuite ExtentReport" time="0.0">
    <ignored/>
  </testcase> <!-- @BeforeSuite ExtentReport -->
  <testcase classname="com.Resources.baseclass" name="@BeforeSuite ExtentReport" time="0.0">
    <ignored/>
  </testcase> <!-- @BeforeSuite ExtentReport -->
  <testcase classname="com.Resources.baseclass" name="@AfterSuite endReport" time="0.0">
    <ignored/>
  </testcase> <!-- @AfterSuite endReport -->
  <testcase classname="com.Resources.baseclass" name="@AfterSuite endReport" time="0.0">
    <ignored/>
  </testcase> <!-- @AfterSuite endReport -->
</testsuite> <!-- Test -->
