<?xml version="1.0" encoding="UTF-8"?>
<!-- Generated by org.testng.reporters.JUnitXMLReporter -->
<testsuite ignored="0" hostname="LAPTOP-HQ4UE347" failures="0" tests="5" name="Test" time="72.659" errors="0" timestamp="2024-02-04T18:54:13 IST">
  <testcase classname="com.TestCases.RegisterTestCases" name="verifyInValidRegisteration" time="0.905"/>
  <testcase classname="com.TestCases.RegisterTestCases" name="verifyValidRegisteration" time="10.105"/>
  <testcase classname="com.TestCases.LoginTestCases" name="verifyInValidLogin" time="2.14"/>
  <testcase classname="com.TestCases.LoginTestCases" name="verifyValidLogin" time="2.79"/>
  <testcase classname="com.TestCases.ProductCartTestCases" name="verifyproductprice" time="14.199"/>
</testsuite> <!-- Test -->
