<?xml version="1.0" encoding="UTF-8"?>
<testng-results ignored="0" total="5" passed="5" failed="0" skipped="0">
  <reporter-output>
  </reporter-output>
  <suite started-at="2024-02-04T18:53:01 IST" name="Suite" finished-at="2024-02-04T18:54:13 IST" duration-ms="72659">
    <groups>
    </groups>
    <test started-at="2024-02-04T18:53:01 IST" name="Test" finished-at="2024-02-04T18:54:13 IST" duration-ms="72659">
      <class name="com.TestCases.RegisterTestCases">
        <test-method is-config="true" signature="launchBrowser()[pri:0, instance:com.TestCases.RegisterTestCases@3835c46]" started-at="2024-02-04T18:53:01 IST" name="launchBrowser" finished-at="2024-02-04T18:53:07 IST" duration-ms="6096" status="PASS">
          <reporter-output>
          </reporter-output>
        </test-method> <!-- launchBrowser -->
        <test-method signature="verifyInValidRegisteration()[pri:0, instance:com.TestCases.RegisterTestCases@3835c46]" started-at="2024-02-04T18:53:07 IST" name="verifyInValidRegisteration" finished-at="2024-02-04T18:53:08 IST" duration-ms="905" status="PASS">
          <reporter-output>
          </reporter-output>
        </test-method> <!-- verifyInValidRegisteration -->
        <test-method is-config="true" signature="quitBrowser()[pri:0, instance:com.TestCases.RegisterTestCases@3835c46]" started-at="2024-02-04T18:53:08 IST" name="quitBrowser" finished-at="2024-02-04T18:53:08 IST" duration-ms="94" status="PASS">
          <reporter-output>
          </reporter-output>
        </test-method> <!-- quitBrowser -->
        <test-method is-config="true" signature="launchBrowser()[pri:0, instance:com.TestCases.RegisterTestCases@3835c46]" started-at="2024-02-04T18:53:08 IST" name="launchBrowser" finished-at="2024-02-04T18:53:12 IST" duration-ms="4393" status="PASS">
          <reporter-output>
          </reporter-output>
        </test-method> <!-- launchBrowser -->
        <test-method signature="verifyValidRegisteration()[pri:0, instance:com.TestCases.RegisterTestCases@3835c46]" started-at="2024-02-04T18:53:12 IST" name="verifyValidRegisteration" finished-at="2024-02-04T18:53:22 IST" duration-ms="10105" status="PASS">
          <reporter-output>
          </reporter-output>
        </test-method> <!-- verifyValidRegisteration -->
        <test-method is-config="true" signature="quitBrowser()[pri:0, instance:com.TestCases.RegisterTestCases@3835c46]" started-at="2024-02-04T18:53:22 IST" name="quitBrowser" finished-at="2024-02-04T18:53:22 IST" duration-ms="81" status="PASS">
          <reporter-output>
          </reporter-output>
        </test-method> <!-- quitBrowser -->
      </class> <!-- com.TestCases.RegisterTestCases -->
      <class name="com.TestCases.ProductCartTestCases">
        <test-method is-config="true" signature="launchBrowser()[pri:0, instance:com.TestCases.ProductCartTestCases@a514af7]" started-at="2024-02-04T18:53:49 IST" name="launchBrowser" finished-at="2024-02-04T18:53:59 IST" duration-ms="10152" status="PASS">
          <reporter-output>
          </reporter-output>
        </test-method> <!-- launchBrowser -->
        <test-method signature="verifyproductprice()[pri:0, instance:com.TestCases.ProductCartTestCases@a514af7]" started-at="2024-02-04T18:53:59 IST" name="verifyproductprice" finished-at="2024-02-04T18:54:13 IST" duration-ms="14199" status="PASS">
          <reporter-output>
          </reporter-output>
        </test-method> <!-- verifyproductprice -->
        <test-method is-config="true" signature="quitBrowser()[pri:0, instance:com.TestCases.ProductCartTestCases@a514af7]" started-at="2024-02-04T18:54:13 IST" name="quitBrowser" finished-at="2024-02-04T18:54:13 IST" duration-ms="109" status="PASS">
          <reporter-output>
          </reporter-output>
        </test-method> <!-- quitBrowser -->
      </class> <!-- com.TestCases.ProductCartTestCases -->
      <class name="com.TestCases.LoginTestCases">
        <test-method is-config="true" signature="launchBrowser()[pri:0, instance:com.TestCases.LoginTestCases@4466af20]" started-at="2024-02-04T18:53:22 IST" name="launchBrowser" finished-at="2024-02-04T18:53:30 IST" duration-ms="7693" status="PASS">
          <reporter-output>
          </reporter-output>
        </test-method> <!-- launchBrowser -->
        <test-method signature="verifyInValidLogin()[pri:0, instance:com.TestCases.LoginTestCases@4466af20]" started-at="2024-02-04T18:53:30 IST" name="verifyInValidLogin" finished-at="2024-02-04T18:53:32 IST" duration-ms="2140" status="PASS">
          <reporter-output>
          </reporter-output>
        </test-method> <!-- verifyInValidLogin -->
        <test-method is-config="true" signature="quitBrowser()[pri:0, instance:com.TestCases.LoginTestCases@4466af20]" started-at="2024-02-04T18:53:32 IST" name="quitBrowser" finished-at="2024-02-04T18:53:32 IST" duration-ms="83" status="PASS">
          <reporter-output>
          </reporter-output>
        </test-method> <!-- quitBrowser -->
        <test-method is-config="true" signature="launchBrowser()[pri:0, instance:com.TestCases.LoginTestCases@4466af20]" started-at="2024-02-04T18:53:32 IST" name="launchBrowser" finished-at="2024-02-04T18:53:46 IST" duration-ms="13693" status="PASS">
          <reporter-output>
          </reporter-output>
        </test-method> <!-- launchBrowser -->
        <test-method signature="verifyValidLogin()[pri:0, instance:com.TestCases.LoginTestCases@4466af20]" started-at="2024-02-04T18:53:46 IST" name="verifyValidLogin" finished-at="2024-02-04T18:53:49 IST" duration-ms="2790" status="PASS">
          <reporter-output>
          </reporter-output>
        </test-method> <!-- verifyValidLogin -->
        <test-method is-config="true" signature="quitBrowser()[pri:0, instance:com.TestCases.LoginTestCases@4466af20]" started-at="2024-02-04T18:53:49 IST" name="quitBrowser" finished-at="2024-02-04T18:53:49 IST" duration-ms="97" status="PASS">
          <reporter-output>
          </reporter-output>
        </test-method> <!-- quitBrowser -->
      </class> <!-- com.TestCases.LoginTestCases -->
    </test> <!-- Test -->
  </suite> <!-- Suite -->
</testng-results>
