<?xml version="1.0" encoding="UTF-8"?>
<testng-results ignored="4" total="9" passed="5" failed="0" skipped="0">
  <reporter-output>
  </reporter-output>
  <suite started-at="2024-02-06T23:05:29 IST" name="Suite" finished-at="2024-02-06T23:06:25 IST" duration-ms="56250">
    <groups>
    </groups>
    <test started-at="2024-02-06T23:05:29 IST" name="Test" finished-at="2024-02-06T23:06:25 IST" duration-ms="56250">
      <class name="com.TestCases.RegisterTestCases">
        <test-method is-config="true" signature="ExtentReport()[pri:0, instance:com.TestCases.RegisterTestCases@2a798d51]" started-at="2024-02-06T23:05:29 IST" name="ExtentReport" finished-at="2024-02-06T23:05:29 IST" duration-ms="186" status="PASS">
          <reporter-output>
          </reporter-output>
        </test-method> <!-- ExtentReport -->
        <test-method is-config="true" signature="launchBrowser()[pri:0, instance:com.TestCases.RegisterTestCases@2a798d51]" started-at="2024-02-06T23:05:29 IST" name="launchBrowser" finished-at="2024-02-06T23:05:35 IST" duration-ms="5549" status="PASS">
          <reporter-output>
          </reporter-output>
        </test-method> <!-- launchBrowser -->
        <test-method signature="verifyInValidRegisteration()[pri:0, instance:com.TestCases.RegisterTestCases@2a798d51]" started-at="2024-02-06T23:05:35 IST" name="verifyInValidRegisteration" finished-at="2024-02-06T23:05:36 IST" duration-ms="880" status="PASS">
          <reporter-output>
          </reporter-output>
        </test-method> <!-- verifyInValidRegisteration -->
        <test-method is-config="true" signature="quitBrowser()[pri:0, instance:com.TestCases.RegisterTestCases@2a798d51]" started-at="2024-02-06T23:05:36 IST" name="quitBrowser" finished-at="2024-02-06T23:05:36 IST" duration-ms="108" status="PASS">
          <reporter-output>
          </reporter-output>
        </test-method> <!-- quitBrowser -->
        <test-method is-config="true" signature="launchBrowser()[pri:0, instance:com.TestCases.RegisterTestCases@2a798d51]" started-at="2024-02-06T23:05:36 IST" name="launchBrowser" finished-at="2024-02-06T23:05:40 IST" duration-ms="4810" status="PASS">
          <reporter-output>
          </reporter-output>
        </test-method> <!-- launchBrowser -->
        <test-method signature="verifyValidRegisteration()[pri:0, instance:com.TestCases.RegisterTestCases@2a798d51]" started-at="2024-02-06T23:05:40 IST" name="verifyValidRegisteration" finished-at="2024-02-06T23:05:47 IST" duration-ms="6745" status="PASS">
          <reporter-output>
          </reporter-output>
        </test-method> <!-- verifyValidRegisteration -->
        <test-method is-config="true" signature="quitBrowser()[pri:0, instance:com.TestCases.RegisterTestCases@2a798d51]" started-at="2024-02-06T23:05:47 IST" name="quitBrowser" finished-at="2024-02-06T23:05:47 IST" duration-ms="77" status="PASS">
          <reporter-output>
          </reporter-output>
        </test-method> <!-- quitBrowser -->
        <test-method is-config="true" signature="endReport()[pri:0, instance:com.TestCases.RegisterTestCases@2a798d51]" started-at="2024-02-06T23:06:25 IST" name="endReport" finished-at="2024-02-06T23:06:26 IST" duration-ms="371" status="PASS">
          <reporter-output>
          </reporter-output>
        </test-method> <!-- endReport -->
      </class> <!-- com.TestCases.RegisterTestCases -->
      <class name="com.TestCases.LoginTestCases">
        <test-method is-config="true" signature="launchBrowser()[pri:0, instance:com.TestCases.LoginTestCases@222545dc]" started-at="2024-02-06T23:05:47 IST" name="launchBrowser" finished-at="2024-02-06T23:05:54 IST" duration-ms="6894" status="PASS">
          <reporter-output>
          </reporter-output>
        </test-method> <!-- launchBrowser -->
        <test-method signature="verifyInValidLogin()[pri:0, instance:com.TestCases.LoginTestCases@222545dc]" started-at="2024-02-06T23:05:54 IST" name="verifyInValidLogin" finished-at="2024-02-06T23:05:55 IST" duration-ms="1300" status="PASS">
          <reporter-output>
          </reporter-output>
        </test-method> <!-- verifyInValidLogin -->
        <test-method is-config="true" signature="quitBrowser()[pri:0, instance:com.TestCases.LoginTestCases@222545dc]" started-at="2024-02-06T23:05:55 IST" name="quitBrowser" finished-at="2024-02-06T23:05:56 IST" duration-ms="88" status="PASS">
          <reporter-output>
          </reporter-output>
        </test-method> <!-- quitBrowser -->
        <test-method is-config="true" signature="launchBrowser()[pri:0, instance:com.TestCases.LoginTestCases@222545dc]" started-at="2024-02-06T23:05:56 IST" name="launchBrowser" finished-at="2024-02-06T23:06:02 IST" duration-ms="6225" status="PASS">
          <reporter-output>
          </reporter-output>
        </test-method> <!-- launchBrowser -->
        <test-method signature="verifyValidLogin()[pri:0, instance:com.TestCases.LoginTestCases@222545dc]" started-at="2024-02-06T23:06:02 IST" name="verifyValidLogin" finished-at="2024-02-06T23:06:04 IST" duration-ms="1990" status="PASS">
          <reporter-output>
          </reporter-output>
        </test-method> <!-- verifyValidLogin -->
        <test-method is-config="true" signature="quitBrowser()[pri:0, instance:com.TestCases.LoginTestCases@222545dc]" started-at="2024-02-06T23:06:04 IST" name="quitBrowser" finished-at="2024-02-06T23:06:04 IST" duration-ms="69" status="PASS">
          <reporter-output>
          </reporter-output>
        </test-method> <!-- quitBrowser -->
      </class> <!-- com.TestCases.LoginTestCases -->
      <class name="com.TestCases.ProductCartTestCases">
        <test-method is-config="true" signature="launchBrowser()[pri:0, instance:com.TestCases.ProductCartTestCases@5c5eefef]" started-at="2024-02-06T23:06:04 IST" name="launchBrowser" finished-at="2024-02-06T23:06:10 IST" duration-ms="5827" status="PASS">
          <reporter-output>
          </reporter-output>
        </test-method> <!-- launchBrowser -->
        <test-method signature="verifyproductprice()[pri:0, instance:com.TestCases.ProductCartTestCases@5c5eefef]" started-at="2024-02-06T23:06:10 IST" name="verifyproductprice" finished-at="2024-02-06T23:06:25 IST" duration-ms="15541" status="PASS">
          <reporter-output>
          </reporter-output>
        </test-method> <!-- verifyproductprice -->
        <test-method is-config="true" signature="quitBrowser()[pri:0, instance:com.TestCases.ProductCartTestCases@5c5eefef]" started-at="2024-02-06T23:06:25 IST" name="quitBrowser" finished-at="2024-02-06T23:06:25 IST" duration-ms="115" status="PASS">
          <reporter-output>
          </reporter-output>
        </test-method> <!-- quitBrowser -->
      </class> <!-- com.TestCases.ProductCartTestCases -->
    </test> <!-- Test -->
  </suite> <!-- Suite -->
</testng-results>
